{"/home/vermanil/Documents/Code/Express-App/dist/app.js":{"path":"/home/vermanil/Documents/Code/Express-App/dist/app.js","s":{"1":1,"2":1,"3":1,"4":1,"5":1,"6":1,"7":1,"8":1,"9":1,"10":3,"11":1,"12":1,"13":1,"14":1,"15":1,"16":1,"17":1,"18":1,"19":1,"20":1,"21":1,"22":1,"23":1,"24":1,"25":0,"26":0,"27":0,"28":1,"29":1,"30":0,"31":0,"32":0,"33":0,"34":1},"b":{"1":[0,3],"2":[3,3],"3":[0,0],"4":[0,0]},"f":{"1":3,"2":0,"3":0},"fnMap":{"1":{"name":"_interopRequireDefault","line":19,"loc":{"start":{"line":19,"column":0},"end":{"line":19,"column":37}}},"2":{"name":"(anonymous_2)","line":40,"loc":{"start":{"line":40,"column":8},"end":{"line":40,"column":34}}},"3":{"name":"(anonymous_3)","line":48,"loc":{"start":{"line":48,"column":8},"end":{"line":48,"column":39}}}},"statementMap":{"1":{"start":{"line":3,"column":0},"end":{"line":3,"column":34}},"2":{"start":{"line":5,"column":0},"end":{"line":5,"column":49}},"3":{"start":{"line":7,"column":0},"end":{"line":7,"column":28}},"4":{"start":{"line":9,"column":0},"end":{"line":9,"column":43}},"5":{"start":{"line":11,"column":0},"end":{"line":11,"column":32}},"6":{"start":{"line":13,"column":0},"end":{"line":13,"column":47}},"7":{"start":{"line":15,"column":0},"end":{"line":15,"column":24}},"8":{"start":{"line":17,"column":0},"end":{"line":17,"column":41}},"9":{"start":{"line":19,"column":0},"end":{"line":19,"column":95}},"10":{"start":{"line":19,"column":39},"end":{"line":19,"column":93}},"11":{"start":{"line":21,"column":0},"end":{"line":21,"column":46}},"12":{"start":{"line":22,"column":0},"end":{"line":22,"column":58}},"13":{"start":{"line":24,"column":0},"end":{"line":24,"column":35}},"14":{"start":{"line":27,"column":0},"end":{"line":27,"column":58}},"15":{"start":{"line":28,"column":0},"end":{"line":28,"column":31}},"16":{"start":{"line":29,"column":0},"end":{"line":29,"column":58}},"17":{"start":{"line":30,"column":0},"end":{"line":30,"column":73}},"18":{"start":{"line":31,"column":0},"end":{"line":31,"column":72}},"19":{"start":{"line":32,"column":0},"end":{"line":32,"column":38}},"20":{"start":{"line":33,"column":0},"end":{"line":33,"column":33}},"21":{"start":{"line":34,"column":0},"end":{"line":34,"column":58}},"22":{"start":{"line":36,"column":0},"end":{"line":36,"column":30}},"23":{"start":{"line":37,"column":0},"end":{"line":37,"column":29}},"24":{"start":{"line":40,"column":0},"end":{"line":44,"column":3}},"25":{"start":{"line":41,"column":2},"end":{"line":41,"column":35}},"26":{"start":{"line":42,"column":2},"end":{"line":42,"column":19}},"27":{"start":{"line":43,"column":2},"end":{"line":43,"column":12}},"28":{"start":{"line":46,"column":0},"end":{"line":46,"column":57}},"29":{"start":{"line":48,"column":0},"end":{"line":53,"column":3}},"30":{"start":{"line":49,"column":2},"end":{"line":49,"column":35}},"31":{"start":{"line":50,"column":2},"end":{"line":50,"column":69}},"32":{"start":{"line":51,"column":2},"end":{"line":51,"column":32}},"33":{"start":{"line":52,"column":2},"end":{"line":52,"column":22}},"34":{"start":{"line":55,"column":0},"end":{"line":55,"column":21}}},"branchMap":{"1":{"line":19,"type":"cond-expr","locations":[{"start":{"line":19,"column":70},"end":{"line":19,"column":73}},{"start":{"line":19,"column":76},"end":{"line":19,"column":92}}]},"2":{"line":19,"type":"binary-expr","locations":[{"start":{"line":19,"column":46},"end":{"line":19,"column":49}},{"start":{"line":19,"column":53},"end":{"line":19,"column":67}}]},"3":{"line":50,"type":"cond-expr","locations":[{"start":{"line":50,"column":60},"end":{"line":50,"column":63}},{"start":{"line":50,"column":66},"end":{"line":50,"column":68}}]},"4":{"line":51,"type":"binary-expr","locations":[{"start":{"line":51,"column":13},"end":{"line":51,"column":23}},{"start":{"line":51,"column":27},"end":{"line":51,"column":30}}]}}},"/home/vermanil/Documents/Code/Express-App/dist/routes/endpoints.js":{"path":"/home/vermanil/Documents/Code/Express-App/dist/routes/endpoints.js","s":{"1":1,"2":1,"3":1,"4":1,"5":1,"6":1,"7":1,"8":1,"9":1,"10":1,"11":2,"12":1,"13":1,"14":0,"15":0,"16":0,"17":0,"18":0,"19":0,"20":0,"21":0,"22":1,"23":0,"24":0,"25":0,"26":0,"27":0,"28":0,"29":0,"30":0,"31":0,"32":0,"33":0,"34":0,"35":0,"36":0,"37":1,"38":0,"39":0,"40":0,"41":0,"42":0,"43":0,"44":0,"45":0,"46":0,"47":0,"48":0,"49":0,"50":0,"51":0,"52":0,"53":0,"54":0,"55":0,"56":0,"57":0,"58":0,"59":0,"60":0,"61":0,"62":0,"63":1},"b":{"1":[0,2],"2":[2,2],"3":[0,0],"4":[0,0],"5":[0,0],"6":[0,0],"7":[0,0],"8":[0,0],"9":[0,0],"10":[0,0],"11":[0,0],"12":[0,0]},"f":{"1":2,"2":0,"3":0,"4":0,"5":0,"6":0,"7":0,"8":0},"fnMap":{"1":{"name":"_interopRequireDefault","line":21,"loc":{"start":{"line":21,"column":0},"end":{"line":21,"column":37}}},"2":{"name":"(anonymous_2)","line":36,"loc":{"start":{"line":36,"column":16},"end":{"line":36,"column":42}}},"3":{"name":"(anonymous_3)","line":41,"loc":{"start":{"line":41,"column":45},"end":{"line":41,"column":69}}},"4":{"name":"(anonymous_4)","line":72,"loc":{"start":{"line":72,"column":22},"end":{"line":72,"column":48}}},"5":{"name":"(anonymous_5)","line":106,"loc":{"start":{"line":106,"column":26},"end":{"line":106,"column":52}}},"6":{"name":"(anonymous_6)","line":109,"loc":{"start":{"line":109,"column":37},"end":{"line":109,"column":68}}},"7":{"name":"(anonymous_7)","line":122,"loc":{"start":{"line":122,"column":32},"end":{"line":122,"column":44}}},"8":{"name":"(anonymous_8)","line":123,"loc":{"start":{"line":123,"column":78},"end":{"line":123,"column":98}}}},"statementMap":{"1":{"start":{"line":3,"column":0},"end":{"line":3,"column":34}},"2":{"start":{"line":5,"column":0},"end":{"line":5,"column":49}},"3":{"start":{"line":7,"column":0},"end":{"line":7,"column":38}},"4":{"start":{"line":9,"column":0},"end":{"line":9,"column":28}},"5":{"start":{"line":11,"column":0},"end":{"line":11,"column":24}},"6":{"start":{"line":13,"column":0},"end":{"line":13,"column":47}},"7":{"start":{"line":15,"column":0},"end":{"line":15,"column":44}},"8":{"start":{"line":17,"column":0},"end":{"line":17,"column":34}},"9":{"start":{"line":19,"column":0},"end":{"line":19,"column":49}},"10":{"start":{"line":21,"column":0},"end":{"line":21,"column":95}},"11":{"start":{"line":21,"column":39},"end":{"line":21,"column":93}},"12":{"start":{"line":23,"column":0},"end":{"line":23,"column":40}},"13":{"start":{"line":36,"column":0},"end":{"line":56,"column":3}},"14":{"start":{"line":38,"column":2},"end":{"line":38,"column":40}},"15":{"start":{"line":39,"column":2},"end":{"line":55,"column":3}},"16":{"start":{"line":41,"column":4},"end":{"line":49,"column":7}},"17":{"start":{"line":42,"column":6},"end":{"line":48,"column":7}},"18":{"start":{"line":43,"column":8},"end":{"line":43,"column":70}},"19":{"start":{"line":46,"column":8},"end":{"line":46,"column":30}},"20":{"start":{"line":47,"column":8},"end":{"line":47,"column":15}},"21":{"start":{"line":51,"column":4},"end":{"line":54,"column":7}},"22":{"start":{"line":72,"column":0},"end":{"line":91,"column":3}},"23":{"start":{"line":73,"column":2},"end":{"line":90,"column":3}},"24":{"start":{"line":74,"column":4},"end":{"line":74,"column":25}},"25":{"start":{"line":75,"column":4},"end":{"line":75,"column":50}},"26":{"start":{"line":76,"column":9},"end":{"line":90,"column":3}},"27":{"start":{"line":77,"column":4},"end":{"line":77,"column":25}},"28":{"start":{"line":78,"column":4},"end":{"line":78,"column":56}},"29":{"start":{"line":80,"column":4},"end":{"line":80,"column":41}},"30":{"start":{"line":81,"column":4},"end":{"line":81,"column":35}},"31":{"start":{"line":82,"column":4},"end":{"line":89,"column":5}},"32":{"start":{"line":83,"column":6},"end":{"line":83,"column":77}},"33":{"start":{"line":84,"column":6},"end":{"line":84,"column":27}},"34":{"start":{"line":85,"column":6},"end":{"line":85,"column":41}},"35":{"start":{"line":87,"column":6},"end":{"line":87,"column":27}},"36":{"start":{"line":88,"column":6},"end":{"line":88,"column":56}},"37":{"start":{"line":106,"column":0},"end":{"line":146,"column":3}},"38":{"start":{"line":107,"column":2},"end":{"line":145,"column":3}},"39":{"start":{"line":108,"column":4},"end":{"line":108,"column":38}},"40":{"start":{"line":109,"column":4},"end":{"line":141,"column":7}},"41":{"start":{"line":110,"column":6},"end":{"line":140,"column":7}},"42":{"start":{"line":111,"column":8},"end":{"line":111,"column":18}},"43":{"start":{"line":113,"column":8},"end":{"line":113,"column":75}},"44":{"start":{"line":114,"column":8},"end":{"line":114,"column":70}},"45":{"start":{"line":115,"column":8},"end":{"line":115,"column":65}},"46":{"start":{"line":117,"column":8},"end":{"line":139,"column":9}},"47":{"start":{"line":118,"column":10},"end":{"line":135,"column":11}},"48":{"start":{"line":119,"column":12},"end":{"line":119,"column":133}},"49":{"start":{"line":120,"column":12},"end":{"line":120,"column":135}},"50":{"start":{"line":121,"column":12},"end":{"line":121,"column":108}},"51":{"start":{"line":122,"column":12},"end":{"line":131,"column":15}},"52":{"start":{"line":123,"column":14},"end":{"line":130,"column":17}},"53":{"start":{"line":124,"column":16},"end":{"line":129,"column":17}},"54":{"start":{"line":125,"column":18},"end":{"line":125,"column":28}},"55":{"start":{"line":127,"column":18},"end":{"line":127,"column":114}},"56":{"start":{"line":128,"column":18},"end":{"line":128,"column":78}},"57":{"start":{"line":133,"column":12},"end":{"line":133,"column":28}},"58":{"start":{"line":134,"column":12},"end":{"line":134,"column":62}},"59":{"start":{"line":137,"column":10},"end":{"line":137,"column":26}},"60":{"start":{"line":138,"column":10},"end":{"line":138,"column":51}},"61":{"start":{"line":143,"column":4},"end":{"line":143,"column":20}},"62":{"start":{"line":144,"column":4},"end":{"line":144,"column":43}},"63":{"start":{"line":148,"column":0},"end":{"line":148,"column":24}}},"branchMap":{"1":{"line":21,"type":"cond-expr","locations":[{"start":{"line":21,"column":70},"end":{"line":21,"column":73}},{"start":{"line":21,"column":76},"end":{"line":21,"column":92}}]},"2":{"line":21,"type":"binary-expr","locations":[{"start":{"line":21,"column":46},"end":{"line":21,"column":49}},{"start":{"line":21,"column":53},"end":{"line":21,"column":67}}]},"3":{"line":39,"type":"if","locations":[{"start":{"line":39,"column":2},"end":{"line":39,"column":2}},{"start":{"line":39,"column":2},"end":{"line":39,"column":2}}]},"4":{"line":42,"type":"if","locations":[{"start":{"line":42,"column":6},"end":{"line":42,"column":6}},{"start":{"line":42,"column":6},"end":{"line":42,"column":6}}]},"5":{"line":73,"type":"if","locations":[{"start":{"line":73,"column":2},"end":{"line":73,"column":2}},{"start":{"line":73,"column":2},"end":{"line":73,"column":2}}]},"6":{"line":76,"type":"if","locations":[{"start":{"line":76,"column":9},"end":{"line":76,"column":9}},{"start":{"line":76,"column":9},"end":{"line":76,"column":9}}]},"7":{"line":107,"type":"if","locations":[{"start":{"line":107,"column":2},"end":{"line":107,"column":2}},{"start":{"line":107,"column":2},"end":{"line":107,"column":2}}]},"8":{"line":110,"type":"if","locations":[{"start":{"line":110,"column":6},"end":{"line":110,"column":6}},{"start":{"line":110,"column":6},"end":{"line":110,"column":6}}]},"9":{"line":117,"type":"if","locations":[{"start":{"line":117,"column":8},"end":{"line":117,"column":8}},{"start":{"line":117,"column":8},"end":{"line":117,"column":8}}]},"10":{"line":117,"type":"binary-expr","locations":[{"start":{"line":117,"column":12},"end":{"line":117,"column":39}},{"start":{"line":117,"column":43},"end":{"line":117,"column":66}}]},"11":{"line":118,"type":"if","locations":[{"start":{"line":118,"column":10},"end":{"line":118,"column":10}},{"start":{"line":118,"column":10},"end":{"line":118,"column":10}}]},"12":{"line":124,"type":"if","locations":[{"start":{"line":124,"column":16},"end":{"line":124,"column":16}},{"start":{"line":124,"column":16},"end":{"line":124,"column":16}}]}}},"/home/vermanil/Documents/Code/Express-App/dist/imgutils/resize.js":{"path":"/home/vermanil/Documents/Code/Express-App/dist/imgutils/resize.js","s":{"1":1,"2":1,"3":1,"4":1,"5":1,"6":0,"7":0,"8":0,"9":0,"10":0,"11":0,"12":0},"b":{"1":[0,1],"2":[1,1],"3":[0,0],"4":[0,0]},"f":{"1":1,"2":0,"3":0,"4":0},"fnMap":{"1":{"name":"_interopRequireDefault","line":7,"loc":{"start":{"line":7,"column":0},"end":{"line":7,"column":37}}},"2":{"name":"(anonymous_2)","line":9,"loc":{"start":{"line":9,"column":24},"end":{"line":9,"column":87}}},"3":{"name":"(anonymous_3)","line":10,"loc":{"start":{"line":10,"column":41},"end":{"line":10,"column":65}}},"4":{"name":"(anonymous_4)","line":14,"loc":{"start":{"line":14,"column":57},"end":{"line":14,"column":72}}}},"statementMap":{"1":{"start":{"line":3,"column":0},"end":{"line":3,"column":28}},"2":{"start":{"line":5,"column":0},"end":{"line":5,"column":43}},"3":{"start":{"line":7,"column":0},"end":{"line":7,"column":95}},"4":{"start":{"line":7,"column":39},"end":{"line":7,"column":93}},"5":{"start":{"line":9,"column":0},"end":{"line":22,"column":2}},"6":{"start":{"line":10,"column":2},"end":{"line":21,"column":5}},"7":{"start":{"line":11,"column":4},"end":{"line":20,"column":5}},"8":{"start":{"line":12,"column":6},"end":{"line":12,"column":58}},"9":{"start":{"line":14,"column":6},"end":{"line":19,"column":9}},"10":{"start":{"line":15,"column":8},"end":{"line":17,"column":9}},"11":{"start":{"line":16,"column":10},"end":{"line":16,"column":36}},"12":{"start":{"line":18,"column":8},"end":{"line":18,"column":53}}},"branchMap":{"1":{"line":7,"type":"cond-expr","locations":[{"start":{"line":7,"column":70},"end":{"line":7,"column":73}},{"start":{"line":7,"column":76},"end":{"line":7,"column":92}}]},"2":{"line":7,"type":"binary-expr","locations":[{"start":{"line":7,"column":46},"end":{"line":7,"column":49}},{"start":{"line":7,"column":53},"end":{"line":7,"column":67}}]},"3":{"line":11,"type":"if","locations":[{"start":{"line":11,"column":4},"end":{"line":11,"column":4}},{"start":{"line":11,"column":4},"end":{"line":11,"column":4}}]},"4":{"line":15,"type":"if","locations":[{"start":{"line":15,"column":8},"end":{"line":15,"column":8}},{"start":{"line":15,"column":8},"end":{"line":15,"column":8}}]}}},"/home/vermanil/Documents/Code/Express-App/dist/routes/login_authorize.js":{"path":"/home/vermanil/Documents/Code/Express-App/dist/routes/login_authorize.js","s":{"1":1,"2":1,"3":1,"4":1,"5":1,"6":1,"7":1,"8":0,"9":0,"10":0,"11":0,"12":0,"13":0,"14":1,"15":0,"16":0,"17":0,"18":0,"19":0,"20":0,"21":0,"22":0,"23":0,"24":0,"25":1},"b":{"1":[0,1],"2":[1,1],"3":[0,0],"4":[0,0],"5":[0,0],"6":[0,0],"7":[0,0]},"f":{"1":1,"2":0,"3":0,"4":0},"fnMap":{"1":{"name":"_interopRequireDefault","line":9,"loc":{"start":{"line":9,"column":0},"end":{"line":9,"column":37}}},"2":{"name":"(anonymous_2)","line":22,"loc":{"start":{"line":22,"column":22},"end":{"line":22,"column":48}}},"3":{"name":"(anonymous_3)","line":41,"loc":{"start":{"line":41,"column":26},"end":{"line":41,"column":52}}},"4":{"name":"(anonymous_4)","line":44,"loc":{"start":{"line":44,"column":45},"end":{"line":44,"column":69}}}},"statementMap":{"1":{"start":{"line":3,"column":0},"end":{"line":3,"column":34}},"2":{"start":{"line":5,"column":0},"end":{"line":5,"column":49}},"3":{"start":{"line":7,"column":0},"end":{"line":7,"column":44}},"4":{"start":{"line":9,"column":0},"end":{"line":9,"column":95}},"5":{"start":{"line":9,"column":39},"end":{"line":9,"column":93}},"6":{"start":{"line":11,"column":0},"end":{"line":11,"column":40}},"7":{"start":{"line":22,"column":0},"end":{"line":31,"column":3}},"8":{"start":{"line":23,"column":2},"end":{"line":30,"column":3}},"9":{"start":{"line":24,"column":4},"end":{"line":24,"column":114}},"10":{"start":{"line":25,"column":4},"end":{"line":25,"column":20}},"11":{"start":{"line":26,"column":4},"end":{"line":26,"column":31}},"12":{"start":{"line":28,"column":4},"end":{"line":28,"column":20}},"13":{"start":{"line":29,"column":4},"end":{"line":29,"column":58}},"14":{"start":{"line":41,"column":0},"end":{"line":59,"column":3}},"15":{"start":{"line":42,"column":2},"end":{"line":56,"column":3}},"16":{"start":{"line":43,"column":4},"end":{"line":43,"column":42}},"17":{"start":{"line":44,"column":4},"end":{"line":52,"column":7}},"18":{"start":{"line":45,"column":6},"end":{"line":51,"column":7}},"19":{"start":{"line":46,"column":8},"end":{"line":46,"column":24}},"20":{"start":{"line":47,"column":8},"end":{"line":47,"column":38}},"21":{"start":{"line":49,"column":8},"end":{"line":49,"column":24}},"22":{"start":{"line":50,"column":8},"end":{"line":50,"column":81}},"23":{"start":{"line":54,"column":4},"end":{"line":54,"column":20}},"24":{"start":{"line":55,"column":4},"end":{"line":55,"column":34}},"25":{"start":{"line":61,"column":0},"end":{"line":61,"column":24}}},"branchMap":{"1":{"line":9,"type":"cond-expr","locations":[{"start":{"line":9,"column":70},"end":{"line":9,"column":73}},{"start":{"line":9,"column":76},"end":{"line":9,"column":92}}]},"2":{"line":9,"type":"binary-expr","locations":[{"start":{"line":9,"column":46},"end":{"line":9,"column":49}},{"start":{"line":9,"column":53},"end":{"line":9,"column":67}}]},"3":{"line":23,"type":"if","locations":[{"start":{"line":23,"column":2},"end":{"line":23,"column":2}},{"start":{"line":23,"column":2},"end":{"line":23,"column":2}}]},"4":{"line":23,"type":"binary-expr","locations":[{"start":{"line":23,"column":6},"end":{"line":23,"column":46}},{"start":{"line":23,"column":50},"end":{"line":23,"column":89}}]},"5":{"line":42,"type":"if","locations":[{"start":{"line":42,"column":2},"end":{"line":42,"column":2}},{"start":{"line":42,"column":2},"end":{"line":42,"column":2}}]},"6":{"line":42,"type":"binary-expr","locations":[{"start":{"line":42,"column":6},"end":{"line":42,"column":17}},{"start":{"line":42,"column":21},"end":{"line":42,"column":46}}]},"7":{"line":45,"type":"if","locations":[{"start":{"line":45,"column":6},"end":{"line":45,"column":6}},{"start":{"line":45,"column":6},"end":{"line":45,"column":6}}]}}}}