TN:
SF:/home/vermanil/Documents/Code/express-app/dist/app.js
FN:19,_interopRequireDefault
FN:40,(anonymous_2)
FN:48,(anonymous_3)
FNF:3
FNH:3
FNDA:3,_interopRequireDefault
FNDA:1,(anonymous_2)
FNDA:1,(anonymous_3)
DA:3,1
DA:5,1
DA:7,1
DA:9,1
DA:11,1
DA:13,1
DA:15,1
DA:17,1
DA:19,3
DA:21,1
DA:22,1
DA:24,1
DA:27,1
DA:28,1
DA:29,1
DA:30,1
DA:31,1
DA:32,1
DA:33,1
DA:34,1
DA:36,1
DA:37,1
DA:40,1
DA:41,1
DA:42,1
DA:43,1
DA:46,1
DA:48,1
DA:49,1
DA:50,1
DA:51,1
DA:52,1
DA:55,1
LF:33
LH:33
BRDA:19,1,0,0
BRDA:19,1,1,3
BRDA:19,2,0,3
BRDA:19,2,1,3
BRDA:50,3,0,1
BRDA:50,3,1,0
BRDA:51,4,0,1
BRDA:51,4,1,0
BRF:8
BRH:5
end_of_record
TN:
SF:/home/vermanil/Documents/Code/express-app/dist/routes/endpoints.js
FN:21,_interopRequireDefault
FN:36,(anonymous_2)
FN:41,(anonymous_3)
FN:72,(anonymous_4)
FN:106,(anonymous_5)
FN:109,(anonymous_6)
FN:121,(anonymous_7)
FN:122,(anonymous_8)
FNF:8
FNH:8
FNDA:2,_interopRequireDefault
FNDA:11,(anonymous_2)
FNDA:9,(anonymous_3)
FNDA:3,(anonymous_4)
FNDA:4,(anonymous_5)
FNDA:3,(anonymous_6)
FNDA:1,(anonymous_7)
FNDA:1,(anonymous_8)
DA:3,1
DA:5,1
DA:7,1
DA:9,1
DA:11,1
DA:13,1
DA:15,1
DA:17,1
DA:19,1
DA:21,2
DA:23,1
DA:36,1
DA:38,11
DA:39,11
DA:41,9
DA:42,9
DA:43,2
DA:46,7
DA:47,7
DA:51,2
DA:72,1
DA:73,3
DA:74,0
DA:75,0
DA:76,3
DA:77,1
DA:78,1
DA:80,2
DA:81,2
DA:82,2
DA:83,2
DA:84,1
DA:85,1
DA:87,1
DA:88,1
DA:106,1
DA:107,4
DA:108,3
DA:109,3
DA:110,3
DA:111,0
DA:113,3
DA:114,3
DA:115,3
DA:116,3
DA:117,2
DA:118,1
DA:119,1
DA:120,1
DA:121,1
DA:122,1
DA:123,1
DA:124,0
DA:126,1
DA:127,1
DA:132,1
DA:133,1
DA:136,1
DA:137,1
DA:142,1
DA:143,1
DA:147,1
LF:62
LH:58
BRDA:21,1,0,0
BRDA:21,1,1,2
BRDA:21,2,0,2
BRDA:21,2,1,2
BRDA:39,3,0,9
BRDA:39,3,1,2
BRDA:42,4,0,2
BRDA:42,4,1,7
BRDA:73,5,0,0
BRDA:73,5,1,3
BRDA:76,6,0,1
BRDA:76,6,1,2
BRDA:107,7,0,3
BRDA:107,7,1,1
BRDA:110,8,0,0
BRDA:110,8,1,3
BRDA:116,9,0,2
BRDA:116,9,1,1
BRDA:116,10,0,3
BRDA:116,10,1,3
BRDA:117,11,0,1
BRDA:117,11,1,1
BRDA:123,12,0,0
BRDA:123,12,1,1
BRF:24
BRH:20
end_of_record
TN:
SF:/home/vermanil/Documents/Code/express-app/dist/imgutils/resize.js
FN:7,_interopRequireDefault
FN:9,(anonymous_2)
FN:10,(anonymous_3)
FN:14,(anonymous_4)
FNF:4
FNH:4
FNDA:1,_interopRequireDefault
FNDA:1,(anonymous_2)
FNDA:1,(anonymous_3)
FNDA:1,(anonymous_4)
DA:3,1
DA:5,1
DA:7,1
DA:9,1
DA:10,1
DA:11,1
DA:12,0
DA:14,1
DA:15,1
DA:16,0
DA:18,1
LF:11
LH:9
BRDA:7,1,0,0
BRDA:7,1,1,1
BRDA:7,2,0,1
BRDA:7,2,1,1
BRDA:11,3,0,0
BRDA:11,3,1,1
BRDA:15,4,0,0
BRDA:15,4,1,1
BRF:8
BRH:5
end_of_record
TN:
SF:/home/vermanil/Documents/Code/express-app/dist/routes/login_authorize.js
FN:9,_interopRequireDefault
FN:22,(anonymous_2)
FN:41,(anonymous_3)
FN:44,(anonymous_4)
FNF:4
FNH:4
FNDA:1,_interopRequireDefault
FNDA:3,(anonymous_2)
FNDA:3,(anonymous_3)
FNDA:2,(anonymous_4)
DA:3,1
DA:5,1
DA:7,1
DA:9,1
DA:11,1
DA:22,1
DA:23,3
DA:24,1
DA:25,1
DA:26,1
DA:28,2
DA:29,2
DA:41,1
DA:42,3
DA:43,2
DA:44,2
DA:45,2
DA:46,1
DA:47,1
DA:49,1
DA:50,1
DA:54,1
DA:55,1
DA:61,1
LF:24
LH:24
BRDA:9,1,0,0
BRDA:9,1,1,1
BRDA:9,2,0,1
BRDA:9,2,1,1
BRDA:23,3,0,1
BRDA:23,3,1,2
BRDA:23,4,0,3
BRDA:23,4,1,2
BRDA:42,5,0,2
BRDA:42,5,1,1
BRDA:42,6,0,3
BRDA:42,6,1,3
BRDA:45,7,0,1
BRDA:45,7,1,1
BRF:14
BRH:13
end_of_record
